<?xml version="1.0" encoding="utf-8"?><testsuites><testsuite name="pytest" errors="0" failures="0" skipped="0" tests="19" time="252.359" timestamp="2024-07-26T09:39:12.638209" hostname="LAPTOP-IN3BP6Q4"><testcase classname="test.test_cart" name="test_add_to_cart" time="9.188" /><testcase classname="test.test_cart" name="test_remove_to_cart" time="8.949" /><testcase classname="test.test_cart" name="test_add_to_cart_detail_product" time="8.673" /><testcase classname="test.test_cart" name="test_remove_to_cart_detail_product" time="7.626" /><testcase classname="test.test_home" name="test_deteail_product" time="9.013" /><testcase classname="test.test_home" name="test_back_detail_product" time="9.800" /><testcase classname="test.test_home" name="test_filter_product" time="7.851" /><testcase classname="test.test_home" name="test_filter_product_ZtoA" time="9.498" /><testcase classname="test.test_home" name="test_burger_menu" time="8.324" /><testcase classname="test.test_home" name="test_logOut_burgerMenu" time="7.881" /><testcase classname="test.test_home" name="test_sosmed_footer_twitter" time="13.387" /><testcase classname="test.test_home" name="test_sosmed_footer_FB" time="11.205" /><testcase classname="test.test_home" name="test_sosmed_footer_linkedin" time="11.702" /><testcase classname="test.test_login" name="test_login_with_valid_username_password" time="9.975" /><testcase classname="test.test_login" name="test_login_with_invalid_username_password" time="8.545" /><testcase classname="test.test_login" name="test_login_with_locked_out_user" time="8.261" /><testcase classname="test.test_login" name="test_login_blank_username_password" time="8.180" /><testcase classname="test.test_login" name="test_login_username_valid_password_blank" time="8.481" /><testcase classname="test.test_login" name="test_login_username_blank_password_valid" time="8.155" /></testsuite></testsuites>